Flow report for ADC
Fri May 27 12:05:01 2016
Quartus Prime Version 15.1.0 Build 185 10/21/2015 SJ Lite Edition


---------------------
; Table of Contents ;
---------------------
  1. Legal Notice
  2. Flow Summary
  3. Flow Settings
  4. Flow Non-Default Global Settings
  5. Flow Elapsed Time
  6. Flow OS Summary
  7. Flow Log
  8. Flow Messages
  9. Flow Suppressed Messages



----------------
; Legal Notice ;
----------------
Copyright (C) 1991-2015 Altera Corporation. All rights reserved.
Your use of Altera Corporation's design tools, logic functions 
and other software and tools, and its AMPP partner logic 
functions, and any output files from any of the foregoing 
(including device programming or simulation files), and any 
associated documentation or information are expressly subject 
to the terms and conditions of the Altera Program License 
Subscription Agreement, the Altera Quartus Prime License Agreement,
the Altera MegaCore Function License Agreement, or other 
applicable license agreement, including, without limitation, 
that your use is for the sole purpose of programming logic 
devices manufactured by Altera and sold by Altera or its 
authorized distributors.  Please refer to the applicable 
agreement for further details.



+----------------------------------------------------------------------------------+
; Flow Summary                                                                     ;
+------------------------------------+---------------------------------------------+
; Flow Status                        ; Successful - Fri May 27 12:05:01 2016       ;
; Quartus Prime Version              ; 15.1.0 Build 185 10/21/2015 SJ Lite Edition ;
; Revision Name                      ; ADC                                         ;
; Top-level Entity Name              ; ADC                                         ;
; Family                             ; Cyclone IV E                                ;
; Device                             ; EP4CE22F17C6                                ;
; Timing Models                      ; Final                                       ;
; Total logic elements               ; 168 / 22,320 ( < 1 % )                      ;
;     Total combinational functions  ; 156 / 22,320 ( < 1 % )                      ;
;     Dedicated logic registers      ; 46 / 22,320 ( < 1 % )                       ;
; Total registers                    ; 46                                          ;
; Total pins                         ; 19 / 154 ( 12 % )                           ;
; Total virtual pins                 ; 0                                           ;
; Total memory bits                  ; 49,152 / 608,256 ( 8 % )                    ;
; Embedded Multiplier 9-bit elements ; 0 / 132 ( 0 % )                             ;
; Total PLLs                         ; 1 / 4 ( 25 % )                              ;
+------------------------------------+---------------------------------------------+


+-----------------------------------------+
; Flow Settings                           ;
+-------------------+---------------------+
; Option            ; Setting             ;
+-------------------+---------------------+
; Start date & time ; 05/27/2016 12:04:30 ;
; Main task         ; Compilation         ;
; Revision Name     ; ADC                 ;
+-------------------+---------------------+


+----------------------------------------------------------------------------------------------------------------------------+
; Flow Non-Default Global Settings                                                                                           ;
+-------------------------------------+---------------------------------------+---------------+-------------+----------------+
; Assignment Name                     ; Value                                 ; Default Value ; Entity Name ; Section Id     ;
+-------------------------------------+---------------------------------------+---------------+-------------+----------------+
; COMPILER_SIGNATURE_ID               ; 0.146437587018331                     ; --            ; --          ; --             ;
; EDA_OUTPUT_DATA_FORMAT              ; Vhdl                                  ; --            ; --          ; eda_simulation ;
; EDA_SIMULATION_TOOL                 ; ModelSim-Altera (VHDL)                ; <None>        ; --          ; --             ;
; MAX_CORE_JUNCTION_TEMP              ; 85                                    ; --            ; --          ; --             ;
; MIN_CORE_JUNCTION_TEMP              ; 0                                     ; --            ; --          ; --             ;
; MISC_FILE                           ; ADC_PLL_inst.v                        ; --            ; --          ; --             ;
; MISC_FILE                           ; ADC_PLL_bb.v                          ; --            ; --          ; --             ;
; MISC_FILE                           ; ADC_PLL.ppf                           ; --            ; --          ; --             ;
; MISC_FILE                           ; ADC_ROM_inst.v                        ; --            ; --          ; --             ;
; MISC_FILE                           ; ADC_ROM_bb.v                          ; --            ; --          ; --             ;
; MISC_FILE                           ; Display_PLL_inst.v                    ; --            ; --          ; --             ;
; MISC_FILE                           ; Display_PLL_bb.v                      ; --            ; --          ; --             ;
; MISC_FILE                           ; Display_PLL.ppf                       ; --            ; --          ; --             ;
; MISC_FILE                           ; Conversion_ROM_inst.v                 ; --            ; --          ; --             ;
; MISC_FILE                           ; Conversion_ROM_bb.v                   ; --            ; --          ; --             ;
; PARTITION_COLOR                     ; 16764057                              ; --            ; --          ; Top            ;
; PARTITION_FITTER_PRESERVATION_LEVEL ; PLACEMENT_AND_ROUTING                 ; --            ; --          ; Top            ;
; PARTITION_NETLIST_TYPE              ; SOURCE                                ; --            ; --          ; Top            ;
; POWER_BOARD_THERMAL_MODEL           ; None (CONSERVATIVE)                   ; --            ; --          ; --             ;
; POWER_PRESET_COOLING_SOLUTION       ; 23 MM HEAT SINK WITH 200 LFPM AIRFLOW ; --            ; --          ; --             ;
; PROJECT_OUTPUT_DIRECTORY            ; output_files                          ; --            ; --          ; --             ;
+-------------------------------------+---------------------------------------+---------------+-------------+----------------+


+-------------------------------------------------------------------------------------------------------------------------------+
; Flow Elapsed Time                                                                                                             ;
+---------------------------+--------------+-------------------------+---------------------+------------------------------------+
; Module Name               ; Elapsed Time ; Average Processors Used ; Peak Virtual Memory ; Total CPU Time (on all processors) ;
+---------------------------+--------------+-------------------------+---------------------+------------------------------------+
; Analysis & Synthesis      ; 00:00:09     ; 1.0                     ; 1178 MB             ; 00:00:19                           ;
; Fitter                    ; 00:00:04     ; 1.0                     ; 1330 MB             ; 00:00:04                           ;
; Assembler                 ; 00:00:01     ; 1.0                     ; 1012 MB             ; 00:00:01                           ;
; TimeQuest Timing Analyzer ; 00:00:01     ; 1.0                     ; 1044 MB             ; 00:00:01                           ;
; EDA Netlist Writer        ; 00:00:00     ; 1.0                     ; 1262 MB             ; 00:00:01                           ;
; Total                     ; 00:00:15     ; --                      ; --                  ; 00:00:26                           ;
+---------------------------+--------------+-------------------------+---------------------+------------------------------------+


+-------------------------------------------------------------------------------------------+
; Flow OS Summary                                                                           ;
+---------------------------+------------------+--------------+------------+----------------+
; Module Name               ; Machine Hostname ; OS Name      ; OS Version ; Processor type ;
+---------------------------+------------------+--------------+------------+----------------+
; Analysis & Synthesis      ; ubuntu           ; Ubuntu 16.04 ; 16         ; x86_64         ;
; Fitter                    ; ubuntu           ; Ubuntu 16.04 ; 16         ; x86_64         ;
; Assembler                 ; ubuntu           ; Ubuntu 16.04 ; 16         ; x86_64         ;
; TimeQuest Timing Analyzer ; ubuntu           ; Ubuntu 16.04 ; 16         ; x86_64         ;
; EDA Netlist Writer        ; ubuntu           ; Ubuntu 16.04 ; 16         ; x86_64         ;
+---------------------------+------------------+--------------+------------+----------------+


------------
; Flow Log ;
------------
quartus_map --read_settings_files=on --write_settings_files=off ADC -c ADC
quartus_fit --read_settings_files=off --write_settings_files=off ADC -c ADC
quartus_asm --read_settings_files=off --write_settings_files=off ADC -c ADC
quartus_sta ADC -c ADC
quartus_eda --read_settings_files=off --write_settings_files=off ADC -c ADC



