This is pdfTeX, Version 3.14159265-2.6-1.40.15 (TeX Live 2014) (preloaded format=pdftex 2014.5.25)  15 MAY 2015 23:32
entering extended mode
 restricted \write18 enabled.
 %&-line parsing enabled.
**assignment3.tex
(./assignment3.tex
! Undefined control sequence.
l.1 \documentclass
                  [12pt]{article}
? 
! Undefined control sequence.
l.2 \usepackage
               [fleqn]{amsmath}
? 
! Undefined control sequence.
l.5 \title
          {CS 325 Assignment 3}
? 
! Undefined control sequence.
l.6 \author
           {Neale Ratzlaff}
? 
! Undefined control sequence.
l.7 \date
         {19 April 2015}
? 
! Undefined control sequence.
l.9 \begin
          {document}
? 
! Undefined control sequence.
l.10 \maketitle
               
? 
! Emergency stop.
l.10 \maketitle
               
End of file on the terminal!

!  ==> Fatal error occurred, no output PDF file produced!
