This is pdfTeX, Version 3.14159265-2.6-1.40.15 (TeX Live 2014) (preloaded format=pdftex 2014.5.25)  15 MAY 2015 23:31
entering extended mode
 restricted \write18 enabled.
 %&-line parsing enabled.
**graph.tex
(./graph.tex
! Undefined control sequence.
l.1 \documentclass
                  [12pt]{article}
? 
! Undefined control sequence.
l.3 \usepackage
                {tikz}
? 
! Undefined control sequence.
l.5 \title
          {graph}
? 
! Undefined control sequence.
l.6 \begin
          {document}
? 
! Undefined control sequence.
l.8 \begin
          {tikzpicture}
? 
! Undefined control sequence.
l.10   \node
             (n6) at (1,10) {6};
? 
! Undefined control sequence.
l.11   \node
             (n4) at (4,8)  {4};
? 
! Undefined control sequence.
l.12   \node
             (n5) at (8,9)  {5};
? 
! Undefined control sequence.
l.13   \node
             (n1) at (11,8) {1};
? 
! Undefined control sequence.
l.14   \node
             (n2) at (9,6)  {2};
? 
! Undefined control sequence.
l.15   \node
             (n3) at (5,5)  {3};
? 
! Undefined control sequence.
l.17   \foreach
                \from/\to in {n6/n4,n4/n5,n5/n1,n1/n2,n2/n5,n2/n3,n3/n4}
? 
! Undefined control sequence.
l.17   \foreach \from
                     /\to in {n6/n4,n4/n5,n5/n1,n1/n2,n2/n5,n2/n3,n3/n4}
? 
! Missing $ inserted.
<inserted text> 
                $
<to be read again> 
                   \to 
l.17   \foreach \from/\to
                          in {n6/n4,n4/n5,n5/n1,n1/n2,n2/n5,n2/n3,n3/n4}
? 
! Undefined control sequence.
l.18     \draw
               (\from) -- (\to);
? 
! Undefined control sequence.
l.18     \draw (\from
                     ) -- (\to);
? 
! Missing $ inserted.
<inserted text> 
                $
<to be read again> 
                   \par 
l.19 
     
? 
[1{/usr/local/texlive/2014/texmf-var/fonts/map/pdftex/updmap/pdftex.map}] )</us
r/local/texlive/2014/texmf-dist/fonts/type1/public/amsfonts/cm/cmmi10.pfb></usr
/local/texlive/2014/texmf-dist/fonts/type1/public/amsfonts/cm/cmr10.pfb></usr/l
ocal/texlive/2014/texmf-dist/fonts/type1/public/amsfonts/cm/cmsy10.pfb>
Output written on graph.pdf (1 page, 33523 bytes).
PDF statistics:
 20 PDF objects out of 1000 (max. 8388607)
 13 compressed objects within 1 object stream
 0 named destinations out of 1000 (max. 500000)
 1 words of extra memory for PDF output out of 10000 (max. 10000000)

